Start testing: Sep 09 14:07 PDT
----------------------------------------------------------
1/15 Testing: SelSortBasic.OneElementFindMin
1/15 Test: SelSortBasic.OneElementFindMin
Command: "/usr/bin/valgrind" "--tool=memcheck" "--leak-check=yes" "--error-exitcode=42" "--trace-children=no" "/home/cs104/cs104/homework-submission/hw-wisnia/hw2/hw2-check/selection_sort_tests/selection_sort_test" "--gtest_filter=SelSortBasic.OneElementFindMin" "--gtest_color=yes"
Directory: /home/cs104/cs104/homework-submission/hw-wisnia/hw2/hw2-check/selection_sort_tests
"SelSortBasic.OneElementFindMin" start time: Sep 09 14:07 PDT
Output:
----------------------------------------------------------
valgrind: /home/cs104/cs104/homework-submission/hw-wisnia/hw2/hw2-check/selection_sort_tests/selection_sort_test: No such file or directory
<end of output>
Test time =   0.02 sec
----------------------------------------------------------
Test Failed.
"SelSortBasic.OneElementFindMin" end time: Sep 09 14:07 PDT
"SelSortBasic.OneElementFindMin" time elapsed: 00:00:00
----------------------------------------------------------

2/15 Testing: SelSortBasic.ThreeElementFindMin
2/15 Test: SelSortBasic.ThreeElementFindMin
Command: "/usr/bin/valgrind" "--tool=memcheck" "--leak-check=yes" "--error-exitcode=42" "--trace-children=no" "/home/cs104/cs104/homework-submission/hw-wisnia/hw2/hw2-check/selection_sort_tests/selection_sort_test" "--gtest_filter=SelSortBasic.ThreeElementFindMin" "--gtest_color=yes"
Directory: /home/cs104/cs104/homework-submission/hw-wisnia/hw2/hw2-check/selection_sort_tests
"SelSortBasic.ThreeElementFindMin" start time: Sep 09 14:07 PDT
Output:
----------------------------------------------------------
valgrind: /home/cs104/cs104/homework-submission/hw-wisnia/hw2/hw2-check/selection_sort_tests/selection_sort_test: No such file or directory
<end of output>
Test time =   0.00 sec
----------------------------------------------------------
Test Failed.
"SelSortBasic.ThreeElementFindMin" end time: Sep 09 14:07 PDT
"SelSortBasic.ThreeElementFindMin" time elapsed: 00:00:00
----------------------------------------------------------

3/15 Testing: SelSortBasic.TenElementFindMin
3/15 Test: SelSortBasic.TenElementFindMin
Command: "/usr/bin/valgrind" "--tool=memcheck" "--leak-check=yes" "--error-exitcode=42" "--trace-children=no" "/home/cs104/cs104/homework-submission/hw-wisnia/hw2/hw2-check/selection_sort_tests/selection_sort_test" "--gtest_filter=SelSortBasic.TenElementFindMin" "--gtest_color=yes"
Directory: /home/cs104/cs104/homework-submission/hw-wisnia/hw2/hw2-check/selection_sort_tests
"SelSortBasic.TenElementFindMin" start time: Sep 09 14:07 PDT
Output:
----------------------------------------------------------
valgrind: /home/cs104/cs104/homework-submission/hw-wisnia/hw2/hw2-check/selection_sort_tests/selection_sort_test: No such file or directory
<end of output>
Test time =   0.00 sec
----------------------------------------------------------
Test Failed.
"SelSortBasic.TenElementFindMin" end time: Sep 09 14:07 PDT
"SelSortBasic.TenElementFindMin" time elapsed: 00:00:00
----------------------------------------------------------

4/15 Testing: SelSortBasic.ThreeElementSort
4/15 Test: SelSortBasic.ThreeElementSort
Command: "/usr/bin/valgrind" "--tool=memcheck" "--leak-check=yes" "--error-exitcode=42" "--trace-children=no" "/home/cs104/cs104/homework-submission/hw-wisnia/hw2/hw2-check/selection_sort_tests/selection_sort_test" "--gtest_filter=SelSortBasic.ThreeElementSort" "--gtest_color=yes"
Directory: /home/cs104/cs104/homework-submission/hw-wisnia/hw2/hw2-check/selection_sort_tests
"SelSortBasic.ThreeElementSort" start time: Sep 09 14:07 PDT
Output:
----------------------------------------------------------
valgrind: /home/cs104/cs104/homework-submission/hw-wisnia/hw2/hw2-check/selection_sort_tests/selection_sort_test: No such file or directory
<end of output>
Test time =   0.00 sec
----------------------------------------------------------
Test Failed.
"SelSortBasic.ThreeElementSort" end time: Sep 09 14:07 PDT
"SelSortBasic.ThreeElementSort" time elapsed: 00:00:00
----------------------------------------------------------

5/15 Testing: SelSortBasic.TenElementSort
5/15 Test: SelSortBasic.TenElementSort
Command: "/usr/bin/valgrind" "--tool=memcheck" "--leak-check=yes" "--error-exitcode=42" "--trace-children=no" "/home/cs104/cs104/homework-submission/hw-wisnia/hw2/hw2-check/selection_sort_tests/selection_sort_test" "--gtest_filter=SelSortBasic.TenElementSort" "--gtest_color=yes"
Directory: /home/cs104/cs104/homework-submission/hw-wisnia/hw2/hw2-check/selection_sort_tests
"SelSortBasic.TenElementSort" start time: Sep 09 14:07 PDT
Output:
----------------------------------------------------------
valgrind: /home/cs104/cs104/homework-submission/hw-wisnia/hw2/hw2-check/selection_sort_tests/selection_sort_test: No such file or directory
<end of output>
Test time =   0.00 sec
----------------------------------------------------------
Test Failed.
"SelSortBasic.TenElementSort" end time: Sep 09 14:07 PDT
"SelSortBasic.TenElementSort" time elapsed: 00:00:00
----------------------------------------------------------

6/15 Testing: ListBasic.ConstructionDestruction
6/15 Test: ListBasic.ConstructionDestruction
Command: "/usr/bin/valgrind" "--tool=memcheck" "--leak-check=yes" "--error-exitcode=42" "--trace-children=no" "/home/cs104/cs104/homework-submission/hw-wisnia/hw2/hw2-check/circular_list_tests/circular_list_test" "--gtest_filter=ListBasic.ConstructionDestruction" "--gtest_color=yes"
Directory: /home/cs104/cs104/homework-submission/hw-wisnia/hw2/hw2-check/circular_list_tests
"ListBasic.ConstructionDestruction" start time: Sep 09 14:07 PDT
Output:
----------------------------------------------------------
valgrind: /home/cs104/cs104/homework-submission/hw-wisnia/hw2/hw2-check/circular_list_tests/circular_list_test: No such file or directory
<end of output>
Test time =   0.00 sec
----------------------------------------------------------
Test Failed.
"ListBasic.ConstructionDestruction" end time: Sep 09 14:07 PDT
"ListBasic.ConstructionDestruction" time elapsed: 00:00:00
----------------------------------------------------------

7/15 Testing: ListBasic.OneItemAdd
7/15 Test: ListBasic.OneItemAdd
Command: "/usr/bin/valgrind" "--tool=memcheck" "--leak-check=yes" "--error-exitcode=42" "--trace-children=no" "/home/cs104/cs104/homework-submission/hw-wisnia/hw2/hw2-check/circular_list_tests/circular_list_test" "--gtest_filter=ListBasic.OneItemAdd" "--gtest_color=yes"
Directory: /home/cs104/cs104/homework-submission/hw-wisnia/hw2/hw2-check/circular_list_tests
"ListBasic.OneItemAdd" start time: Sep 09 14:07 PDT
Output:
----------------------------------------------------------
valgrind: /home/cs104/cs104/homework-submission/hw-wisnia/hw2/hw2-check/circular_list_tests/circular_list_test: No such file or directory
<end of output>
Test time =   0.00 sec
----------------------------------------------------------
Test Failed.
"ListBasic.OneItemAdd" end time: Sep 09 14:07 PDT
"ListBasic.OneItemAdd" time elapsed: 00:00:00
----------------------------------------------------------

8/15 Testing: ListBasic.ThreeItemAdd
8/15 Test: ListBasic.ThreeItemAdd
Command: "/usr/bin/valgrind" "--tool=memcheck" "--leak-check=yes" "--error-exitcode=42" "--trace-children=no" "/home/cs104/cs104/homework-submission/hw-wisnia/hw2/hw2-check/circular_list_tests/circular_list_test" "--gtest_filter=ListBasic.ThreeItemAdd" "--gtest_color=yes"
Directory: /home/cs104/cs104/homework-submission/hw-wisnia/hw2/hw2-check/circular_list_tests
"ListBasic.ThreeItemAdd" start time: Sep 09 14:07 PDT
Output:
----------------------------------------------------------
valgrind: /home/cs104/cs104/homework-submission/hw-wisnia/hw2/hw2-check/circular_list_tests/circular_list_test: No such file or directory
<end of output>
Test time =   0.00 sec
----------------------------------------------------------
Test Failed.
"ListBasic.ThreeItemAdd" end time: Sep 09 14:07 PDT
"ListBasic.ThreeItemAdd" time elapsed: 00:00:00
----------------------------------------------------------

9/15 Testing: ListBasic.Empty
9/15 Test: ListBasic.Empty
Command: "/usr/bin/valgrind" "--tool=memcheck" "--leak-check=yes" "--error-exitcode=42" "--trace-children=no" "/home/cs104/cs104/homework-submission/hw-wisnia/hw2/hw2-check/circular_list_tests/circular_list_test" "--gtest_filter=ListBasic.Empty" "--gtest_color=yes"
Directory: /home/cs104/cs104/homework-submission/hw-wisnia/hw2/hw2-check/circular_list_tests
"ListBasic.Empty" start time: Sep 09 14:07 PDT
Output:
----------------------------------------------------------
valgrind: /home/cs104/cs104/homework-submission/hw-wisnia/hw2/hw2-check/circular_list_tests/circular_list_test: No such file or directory
<end of output>
Test time =   0.00 sec
----------------------------------------------------------
Test Failed.
"ListBasic.Empty" end time: Sep 09 14:07 PDT
"ListBasic.Empty" time elapsed: 00:00:00
----------------------------------------------------------

10/15 Testing: ListBasic.OneItemRemove
10/15 Test: ListBasic.OneItemRemove
Command: "/usr/bin/valgrind" "--tool=memcheck" "--leak-check=yes" "--error-exitcode=42" "--trace-children=no" "/home/cs104/cs104/homework-submission/hw-wisnia/hw2/hw2-check/circular_list_tests/circular_list_test" "--gtest_filter=ListBasic.OneItemRemove" "--gtest_color=yes"
Directory: /home/cs104/cs104/homework-submission/hw-wisnia/hw2/hw2-check/circular_list_tests
"ListBasic.OneItemRemove" start time: Sep 09 14:07 PDT
Output:
----------------------------------------------------------
valgrind: /home/cs104/cs104/homework-submission/hw-wisnia/hw2/hw2-check/circular_list_tests/circular_list_test: No such file or directory
<end of output>
Test time =   0.00 sec
----------------------------------------------------------
Test Failed.
"ListBasic.OneItemRemove" end time: Sep 09 14:07 PDT
"ListBasic.OneItemRemove" time elapsed: 00:00:00
----------------------------------------------------------

11/15 Testing: ListBasic.ThreeItemRemove
11/15 Test: ListBasic.ThreeItemRemove
Command: "/usr/bin/valgrind" "--tool=memcheck" "--leak-check=yes" "--error-exitcode=42" "--trace-children=no" "/home/cs104/cs104/homework-submission/hw-wisnia/hw2/hw2-check/circular_list_tests/circular_list_test" "--gtest_filter=ListBasic.ThreeItemRemove" "--gtest_color=yes"
Directory: /home/cs104/cs104/homework-submission/hw-wisnia/hw2/hw2-check/circular_list_tests
"ListBasic.ThreeItemRemove" start time: Sep 09 14:07 PDT
Output:
----------------------------------------------------------
valgrind: /home/cs104/cs104/homework-submission/hw-wisnia/hw2/hw2-check/circular_list_tests/circular_list_test: No such file or directory
<end of output>
Test time =   0.00 sec
----------------------------------------------------------
Test Failed.
"ListBasic.ThreeItemRemove" end time: Sep 09 14:07 PDT
"ListBasic.ThreeItemRemove" time elapsed: 00:00:00
----------------------------------------------------------

12/15 Testing: ListBasic.Set
12/15 Test: ListBasic.Set
Command: "/usr/bin/valgrind" "--tool=memcheck" "--leak-check=yes" "--error-exitcode=42" "--trace-children=no" "/home/cs104/cs104/homework-submission/hw-wisnia/hw2/hw2-check/circular_list_tests/circular_list_test" "--gtest_filter=ListBasic.Set" "--gtest_color=yes"
Directory: /home/cs104/cs104/homework-submission/hw-wisnia/hw2/hw2-check/circular_list_tests
"ListBasic.Set" start time: Sep 09 14:07 PDT
Output:
----------------------------------------------------------
valgrind: /home/cs104/cs104/homework-submission/hw-wisnia/hw2/hw2-check/circular_list_tests/circular_list_test: No such file or directory
<end of output>
Test time =   0.00 sec
----------------------------------------------------------
Test Failed.
"ListBasic.Set" end time: Sep 09 14:07 PDT
"ListBasic.Set" time elapsed: 00:00:00
----------------------------------------------------------

13/15 Testing: ListBasic.CircularIndicies
13/15 Test: ListBasic.CircularIndicies
Command: "/usr/bin/valgrind" "--tool=memcheck" "--leak-check=yes" "--error-exitcode=42" "--trace-children=no" "/home/cs104/cs104/homework-submission/hw-wisnia/hw2/hw2-check/circular_list_tests/circular_list_test" "--gtest_filter=ListBasic.CircularIndicies" "--gtest_color=yes"
Directory: /home/cs104/cs104/homework-submission/hw-wisnia/hw2/hw2-check/circular_list_tests
"ListBasic.CircularIndicies" start time: Sep 09 14:07 PDT
Output:
----------------------------------------------------------
valgrind: /home/cs104/cs104/homework-submission/hw-wisnia/hw2/hw2-check/circular_list_tests/circular_list_test: No such file or directory
<end of output>
Test time =   0.00 sec
----------------------------------------------------------
Test Failed.
"ListBasic.CircularIndicies" end time: Sep 09 14:07 PDT
"ListBasic.CircularIndicies" time elapsed: 00:00:00
----------------------------------------------------------

14/15 Testing: DDGRoundBasic.TwoPlayers
14/15 Test: DDGRoundBasic.TwoPlayers
Command: "/usr/bin/valgrind" "--tool=memcheck" "--leak-check=yes" "--error-exitcode=42" "--trace-children=no" "/home/cs104/cs104/homework-submission/hw-wisnia/hw2/hw2-check/duck_duck_goose_tests/duck_duck_goose_test" "--gtest_filter=DDGRoundBasic.TwoPlayers" "--gtest_color=yes"
Directory: /home/cs104/cs104/homework-submission/hw-wisnia/hw2/hw2-check/duck_duck_goose_tests
"DDGRoundBasic.TwoPlayers" start time: Sep 09 14:07 PDT
Output:
----------------------------------------------------------
valgrind: /home/cs104/cs104/homework-submission/hw-wisnia/hw2/hw2-check/duck_duck_goose_tests/duck_duck_goose_test: No such file or directory
<end of output>
Test time =   0.00 sec
----------------------------------------------------------
Test Failed.
"DDGRoundBasic.TwoPlayers" end time: Sep 09 14:07 PDT
"DDGRoundBasic.TwoPlayers" time elapsed: 00:00:00
----------------------------------------------------------

15/15 Testing: DDGBasic.FivePlayers
15/15 Test: DDGBasic.FivePlayers
Command: "/usr/bin/valgrind" "--tool=memcheck" "--leak-check=yes" "--error-exitcode=42" "--trace-children=no" "/home/cs104/cs104/homework-submission/hw-wisnia/hw2/hw2-check/duck_duck_goose_tests/duck_duck_goose_test" "--gtest_filter=DDGBasic.FivePlayers" "--gtest_color=yes"
Directory: /home/cs104/cs104/homework-submission/hw-wisnia/hw2/hw2-check/duck_duck_goose_tests
"DDGBasic.FivePlayers" start time: Sep 09 14:07 PDT
Output:
----------------------------------------------------------
valgrind: /home/cs104/cs104/homework-submission/hw-wisnia/hw2/hw2-check/duck_duck_goose_tests/duck_duck_goose_test: No such file or directory
<end of output>
Test time =   0.00 sec
----------------------------------------------------------
Test Failed.
"DDGBasic.FivePlayers" end time: Sep 09 14:07 PDT
"DDGBasic.FivePlayers" time elapsed: 00:00:00
----------------------------------------------------------

End testing: Sep 09 14:07 PDT
